This is pdfTeX, Version 3.141592653-2.6-1.40.22 (TeX Live 2022/dev/Debian) (preloaded format=pdflatex)
 restricted \write18 enabled.
entering extended mode
(./main.tex
LaTeX2e <2021-11-15> patch level 1
L3 programming layer <2022-01-21>
(/usr/share/texlive/texmf-dist/tex/latex/base/article.cls
Document Class: article 2021/10/04 v1.4n Standard LaTeX document class
(/usr/share/texlive/texmf-dist/tex/latex/base/size10.clo)) (./neurips_2025.sty
(/usr/share/texlive/texmf-dist/tex/latex/environ/environ.sty
(/usr/share/texlive/texmf-dist/tex/latex/trimspaces/trimspaces.sty))
(/usr/share/texlive/texmf-dist/tex/latex/natbib/natbib.sty)
(/usr/share/texlive/texmf-dist/tex/latex/geometry/geometry.sty
(/usr/share/texlive/texmf-dist/tex/latex/graphics/keyval.sty)
(/usr/share/texlive/texmf-dist/tex/generic/iftex/ifvtex.sty
(/usr/share/texlive/texmf-dist/tex/generic/iftex/iftex.sty)))
(/usr/share/texlive/texmf-dist/tex/latex/lineno/lineno.sty))
(./style/packages.tex
(/usr/share/texlive/texmf-dist/tex/latex/amsfonts/amssymb.sty
(/usr/share/texlive/texmf-dist/tex/latex/amsfonts/amsfonts.sty))
(/usr/share/texlive/texmf-dist/tex/latex/amsmath/amsmath.sty
For additional information on amsmath, use the `?' option.
(/usr/share/texlive/texmf-dist/tex/latex/amsmath/amstext.sty
(/usr/share/texlive/texmf-dist/tex/latex/amsmath/amsgen.sty))
(/usr/share/texlive/texmf-dist/tex/latex/amsmath/amsbsy.sty)
(/usr/share/texlive/texmf-dist/tex/latex/amsmath/amsopn.sty))
(/usr/share/texlive/texmf-dist/tex/latex/amscls/amsthm.sty)
(/usr/share/texlive/texmf-dist/tex/latex/base/fontenc.sty
(/usr/share/texlive/texmf-dist/tex/latex/psnfss/t1ptm.fd))
(/usr/share/texlive/texmf-dist/tex/latex/base/inputenc.sty)
(/usr/share/texlive/texmf-dist/tex/latex/graphics/graphicx.sty
(/usr/share/texlive/texmf-dist/tex/latex/graphics/graphics.sty
(/usr/share/texlive/texmf-dist/tex/latex/graphics/trig.sty)
(/usr/share/texlive/texmf-dist/tex/latex/graphics-cfg/graphics.cfg)
(/usr/share/texlive/texmf-dist/tex/latex/graphics-def/pdftex.def)))
(/usr/share/texlive/texmf-dist/tex/latex/moreverb/moreverb.sty
(/usr/share/texlive/texmf-dist/tex/latex/tools/verbatim.sty))
(/usr/share/texlive/texmf-dist/tex/latex/jknapltx/mathrsfs.sty)
(/usr/share/texlive/texmf-dist/tex/latex/fancyhdr/fancyhdr.sty)
(/usr/share/texlive/texmf-dist/tex/latex/float/float.sty)
(/usr/share/texlive/texmf-dist/tex/latex/lastpage/lastpage.sty)
(/usr/share/texlive/texmf-dist/tex/latex/sectsty/sectsty.sty

LaTeX Warning: Command \underbar  has changed.
               Check if current package is valid.


LaTeX Warning: Command \underline  has changed.
               Check if current package is valid.

) (/usr/share/texlive/texmf-dist/tex/latex/base/fixltx2e.sty

Package fixltx2e Warning: fixltx2e is not required with releases after 2015
(fixltx2e)                All fixes are now in the LaTeX kernel.
(fixltx2e)                See the latexrelease package for details.

) (/usr/share/texlive/texmf-dist/tex/latex/was/gensymb.sty)
(/usr/share/texlive/texmf-dist/tex/latex/l3packages/xfrac/xfrac.sty
(/usr/share/texlive/texmf-dist/tex/latex/l3kernel/expl3.sty
(/usr/share/texlive/texmf-dist/tex/latex/l3backend/l3backend-pdftex.def))
(/usr/share/texlive/texmf-dist/tex/latex/l3packages/l3keys2e/l3keys2e.sty)
(/usr/share/texlive/texmf-dist/tex/latex/base/textcomp.sty)
(/usr/share/texlive/texmf-dist/tex/latex/l3packages/xparse/xparse.sty)
(/usr/share/texlive/texmf-dist/tex/latex/l3packages/xtemplate/xtemplate.sty))
(/usr/share/texmf/tex/latex/lm/lmodern.sty)
(/usr/share/texlive/texmf-dist/tex/latex/graphics/color.sty
(/usr/share/texlive/texmf-dist/tex/latex/graphics-cfg/color.cfg))
(/usr/share/texlive/texmf-dist/tex/latex/caption/caption.sty
(/usr/share/texlive/texmf-dist/tex/latex/caption/caption3.sty))
(/usr/share/texlive/texmf-dist/tex/latex/caption/subcaption.sty)
(/usr/share/texlive/texmf-dist/tex/latex/epstopdf-pkg/epstopdf.sty
(/usr/share/texlive/texmf-dist/tex/generic/infwarerr/infwarerr.sty)
(/usr/share/texlive/texmf-dist/tex/latex/grfext/grfext.sty
(/usr/share/texlive/texmf-dist/tex/generic/kvdefinekeys/kvdefinekeys.sty))
(/usr/share/texlive/texmf-dist/tex/latex/kvoptions/kvoptions.sty
(/usr/share/texlive/texmf-dist/tex/generic/ltxcmds/ltxcmds.sty)
(/usr/share/texlive/texmf-dist/tex/generic/kvsetkeys/kvsetkeys.sty))
(/usr/share/texlive/texmf-dist/tex/generic/pdftexcmds/pdftexcmds.sty)
(/usr/share/texlive/texmf-dist/tex/latex/epstopdf-pkg/epstopdf-base.sty
(/usr/share/texlive/texmf-dist/tex/latex/latexconfig/epstopdf-sys.cfg)))
(/usr/share/texlive/texmf-dist/tex/latex/listings/listings.sty
(/usr/share/texlive/texmf-dist/tex/latex/listings/lstmisc.sty)
(/usr/share/texlive/texmf-dist/tex/latex/listings/listings.cfg))
(/usr/share/texlive/texmf-dist/tex/latex/todonotes/todonotes.sty
(/usr/share/texlive/texmf-dist/tex/latex/base/ifthen.sty)
(/usr/share/texlive/texmf-dist/tex/latex/xkeyval/xkeyval.sty
(/usr/share/texlive/texmf-dist/tex/generic/xkeyval/xkeyval.tex
(/usr/share/texlive/texmf-dist/tex/generic/xkeyval/xkvutils.tex)))
(/usr/share/texlive/texmf-dist/tex/latex/xcolor/xcolor.sty
(/usr/share/texlive/texmf-dist/tex/latex/graphics-cfg/color.cfg))
(/usr/share/texlive/texmf-dist/tex/latex/pgf/frontendlayer/tikz.sty
(/usr/share/texlive/texmf-dist/tex/latex/pgf/basiclayer/pgf.sty
(/usr/share/texlive/texmf-dist/tex/latex/pgf/utilities/pgfrcs.sty
(/usr/share/texlive/texmf-dist/tex/generic/pgf/utilities/pgfutil-common.tex
(/usr/share/texlive/texmf-dist/tex/generic/pgf/utilities/pgfutil-common-lists.t
ex)) (/usr/share/texlive/texmf-dist/tex/generic/pgf/utilities/pgfutil-latex.def
) (/usr/share/texlive/texmf-dist/tex/generic/pgf/utilities/pgfrcs.code.tex
(/usr/share/texlive/texmf-dist/tex/generic/pgf/pgf.revision.tex)))
(/usr/share/texlive/texmf-dist/tex/latex/pgf/basiclayer/pgfcore.sty
(/usr/share/texlive/texmf-dist/tex/latex/pgf/systemlayer/pgfsys.sty
(/usr/share/texlive/texmf-dist/tex/generic/pgf/systemlayer/pgfsys.code.tex
(/usr/share/texlive/texmf-dist/tex/generic/pgf/utilities/pgfkeys.code.tex
(/usr/share/texlive/texmf-dist/tex/generic/pgf/utilities/pgfkeysfiltered.code.t
ex)) (/usr/share/texlive/texmf-dist/tex/generic/pgf/systemlayer/pgf.cfg)
(/usr/share/texlive/texmf-dist/tex/generic/pgf/systemlayer/pgfsys-pdftex.def
(/usr/share/texlive/texmf-dist/tex/generic/pgf/systemlayer/pgfsys-common-pdf.de
f)))
(/usr/share/texlive/texmf-dist/tex/generic/pgf/systemlayer/pgfsyssoftpath.code.
tex)
(/usr/share/texlive/texmf-dist/tex/generic/pgf/systemlayer/pgfsysprotocol.code.
tex))
(/usr/share/texlive/texmf-dist/tex/generic/pgf/basiclayer/pgfcore.code.tex
(/usr/share/texlive/texmf-dist/tex/generic/pgf/math/pgfmath.code.tex
(/usr/share/texlive/texmf-dist/tex/generic/pgf/math/pgfmathcalc.code.tex
(/usr/share/texlive/texmf-dist/tex/generic/pgf/math/pgfmathutil.code.tex)
(/usr/share/texlive/texmf-dist/tex/generic/pgf/math/pgfmathparser.code.tex)
(/usr/share/texlive/texmf-dist/tex/generic/pgf/math/pgfmathfunctions.code.tex
(/usr/share/texlive/texmf-dist/tex/generic/pgf/math/pgfmathfunctions.basic.code
.tex)
(/usr/share/texlive/texmf-dist/tex/generic/pgf/math/pgfmathfunctions.trigonomet
ric.code.tex)
(/usr/share/texlive/texmf-dist/tex/generic/pgf/math/pgfmathfunctions.random.cod
e.tex)
(/usr/share/texlive/texmf-dist/tex/generic/pgf/math/pgfmathfunctions.comparison
.code.tex)
(/usr/share/texlive/texmf-dist/tex/generic/pgf/math/pgfmathfunctions.base.code.
tex)
(/usr/share/texlive/texmf-dist/tex/generic/pgf/math/pgfmathfunctions.round.code
.tex)
(/usr/share/texlive/texmf-dist/tex/generic/pgf/math/pgfmathfunctions.misc.code.
tex)
(/usr/share/texlive/texmf-dist/tex/generic/pgf/math/pgfmathfunctions.integerari
thmetics.code.tex)))
(/usr/share/texlive/texmf-dist/tex/generic/pgf/math/pgfmathfloat.code.tex))
(/usr/share/texlive/texmf-dist/tex/generic/pgf/math/pgfint.code.tex)
(/usr/share/texlive/texmf-dist/tex/generic/pgf/basiclayer/pgfcorepoints.code.te
x)
(/usr/share/texlive/texmf-dist/tex/generic/pgf/basiclayer/pgfcorepathconstruct.
code.tex)
(/usr/share/texlive/texmf-dist/tex/generic/pgf/basiclayer/pgfcorepathusage.code
.tex)
(/usr/share/texlive/texmf-dist/tex/generic/pgf/basiclayer/pgfcorescopes.code.te
x)
(/usr/share/texlive/texmf-dist/tex/generic/pgf/basiclayer/pgfcoregraphicstate.c
ode.tex)
(/usr/share/texlive/texmf-dist/tex/generic/pgf/basiclayer/pgfcoretransformation
s.code.tex)
(/usr/share/texlive/texmf-dist/tex/generic/pgf/basiclayer/pgfcorequick.code.tex
)
(/usr/share/texlive/texmf-dist/tex/generic/pgf/basiclayer/pgfcoreobjects.code.t
ex)
(/usr/share/texlive/texmf-dist/tex/generic/pgf/basiclayer/pgfcorepathprocessing
.code.tex)
(/usr/share/texlive/texmf-dist/tex/generic/pgf/basiclayer/pgfcorearrows.code.te
x)
(/usr/share/texlive/texmf-dist/tex/generic/pgf/basiclayer/pgfcoreshade.code.tex
)
(/usr/share/texlive/texmf-dist/tex/generic/pgf/basiclayer/pgfcoreimage.code.tex

(/usr/share/texlive/texmf-dist/tex/generic/pgf/basiclayer/pgfcoreexternal.code.
tex))
(/usr/share/texlive/texmf-dist/tex/generic/pgf/basiclayer/pgfcorelayers.code.te
x)
(/usr/share/texlive/texmf-dist/tex/generic/pgf/basiclayer/pgfcoretransparency.c
ode.tex)
(/usr/share/texlive/texmf-dist/tex/generic/pgf/basiclayer/pgfcorepatterns.code.
tex)
(/usr/share/texlive/texmf-dist/tex/generic/pgf/basiclayer/pgfcorerdf.code.tex))
)
(/usr/share/texlive/texmf-dist/tex/generic/pgf/modules/pgfmoduleshapes.code.tex
) (/usr/share/texlive/texmf-dist/tex/generic/pgf/modules/pgfmoduleplot.code.tex
)
(/usr/share/texlive/texmf-dist/tex/latex/pgf/compatibility/pgfcomp-version-0-65
.sty)
(/usr/share/texlive/texmf-dist/tex/latex/pgf/compatibility/pgfcomp-version-1-18
.sty)) (/usr/share/texlive/texmf-dist/tex/latex/pgf/utilities/pgffor.sty
(/usr/share/texlive/texmf-dist/tex/latex/pgf/utilities/pgfkeys.sty
(/usr/share/texlive/texmf-dist/tex/generic/pgf/utilities/pgfkeys.code.tex))
(/usr/share/texlive/texmf-dist/tex/latex/pgf/math/pgfmath.sty
(/usr/share/texlive/texmf-dist/tex/generic/pgf/math/pgfmath.code.tex))
(/usr/share/texlive/texmf-dist/tex/generic/pgf/utilities/pgffor.code.tex
(/usr/share/texlive/texmf-dist/tex/generic/pgf/math/pgfmath.code.tex)))
(/usr/share/texlive/texmf-dist/tex/generic/pgf/frontendlayer/tikz/tikz.code.tex

(/usr/share/texlive/texmf-dist/tex/generic/pgf/libraries/pgflibraryplothandlers
.code.tex)
(/usr/share/texlive/texmf-dist/tex/generic/pgf/modules/pgfmodulematrix.code.tex
)
(/usr/share/texlive/texmf-dist/tex/generic/pgf/frontendlayer/tikz/libraries/tik
zlibrarytopaths.code.tex)))
(/usr/share/texlive/texmf-dist/tex/generic/pgf/frontendlayer/tikz/libraries/tik
zlibrarypositioning.code.tex)
(/usr/share/texlive/texmf-dist/tex/latex/tools/calc.sty))
(/usr/share/texlive/texmf-dist/tex/latex/animate/animate.sty
(/usr/share/texlive/texmf-dist/tex/latex/oberdiek/ifdraft.sty)
(/usr/share/texlive/texmf-dist/tex/latex/zref/zref-abspage.sty
(/usr/share/texlive/texmf-dist/tex/latex/zref/zref-base.sty
(/usr/share/texlive/texmf-dist/tex/generic/etexcmds/etexcmds.sty)
(/usr/share/texlive/texmf-dist/tex/latex/auxhook/auxhook.sty))
(/usr/share/texlive/texmf-dist/tex/latex/base/atbegshi-ltx.sty))
(/usr/share/texlive/texmf-dist/tex/latex/media9/pdfbase.sty)
(/usr/share/texlive/texmf-dist/tex/latex/ocgx2/ocgbase.sty))
(/usr/share/texlive/texmf-dist/tex/latex/booktabs/booktabs.sty)
(/usr/share/texlive/texmf-dist/tex/latex/tools/bm.sty)
(/usr/share/texlive/texmf-dist/tex/latex/hyperref/hyperref.sty
(/usr/share/texlive/texmf-dist/tex/generic/pdfescape/pdfescape.sty)
(/usr/share/texlive/texmf-dist/tex/latex/hycolor/hycolor.sty)
(/usr/share/texlive/texmf-dist/tex/latex/letltxmacro/letltxmacro.sty)
(/usr/share/texlive/texmf-dist/tex/latex/hyperref/pd1enc.def)
(/usr/share/texlive/texmf-dist/tex/latex/hyperref/hyperref-langpatches.def)
(/usr/share/texlive/texmf-dist/tex/generic/intcalc/intcalc.sty)
(/usr/share/texlive/texmf-dist/tex/latex/hyperref/puenc.def)
(/usr/share/texlive/texmf-dist/tex/latex/url/url.sty)
(/usr/share/texlive/texmf-dist/tex/generic/bitset/bitset.sty
(/usr/share/texlive/texmf-dist/tex/generic/bigintcalc/bigintcalc.sty)))
(/usr/share/texlive/texmf-dist/tex/latex/hyperref/hpdftex.def
(/usr/share/texlive/texmf-dist/tex/latex/base/atveryend-ltx.sty)
(/usr/share/texlive/texmf-dist/tex/latex/rerunfilecheck/rerunfilecheck.sty
(/usr/share/texlive/texmf-dist/tex/generic/uniquecounter/uniquecounter.sty)))
(/usr/share/texlive/texmf-dist/tex/latex/mathtools/empheq.sty
(/usr/share/texlive/texmf-dist/tex/latex/mathtools/mhsetup.sty)
(/usr/share/texlive/texmf-dist/tex/latex/mathtools/mathtools.sty))
(./algorithm.sty
Document Style `algorithm' - floating environment
) (./algorithmic.sty
Document Style `algorithmic' - environment
)) (./style/macros.tex
(/usr/share/texlive/texmf-dist/tex/latex/tcolorbox/tcolorbox.sty
(/usr/share/texlive/texmf-dist/tex/latex/etoolbox/etoolbox.sty)
(/usr/share/texlive/texmf-dist/tex/latex/tcolorbox/tcbraster.code.tex
Library (tcolorbox): 'tcbraster.code.tex' version '5.0.2'
) (/usr/share/texlive/texmf-dist/tex/latex/tcolorbox/tcbskins.code.tex
Library (tcolorbox): 'tcbskins.code.tex' version '5.0.2'
(/usr/share/texlive/texmf-dist/tex/latex/tcolorbox/tcbskinsjigsaw.code.tex
Library (tcolorbox): 'tcbskinsjigsaw.code.tex' version '5.0.2'
)) (/usr/share/texlive/texmf-dist/tex/latex/tcolorbox/tcbbreakable.code.tex
Library (tcolorbox): 'tcbbreakable.code.tex' version '5.0.2'
(/usr/share/texlive/texmf-dist/tex/generic/oberdiek/pdfcol.sty))
(/usr/share/texlive/texmf-dist/tex/latex/tcolorbox/tcbhooks.code.tex
Library (tcolorbox): 'tcbhooks.code.tex' version '5.0.2'
) (/usr/share/texlive/texmf-dist/tex/latex/tcolorbox/tcbtheorems.code.tex
Library (tcolorbox): 'tcbtheorems.code.tex' version '5.0.2'
) (/usr/share/texlive/texmf-dist/tex/latex/tcolorbox/tcbfitting.code.tex
Library (tcolorbox): 'tcbfitting.code.tex' version '5.0.2'
) (/usr/share/texlive/texmf-dist/tex/latex/tcolorbox/tcbxparse.code.tex
Library (tcolorbox): 'tcbxparse.code.tex' version '5.0.2'
) (/usr/share/texlive/texmf-dist/tex/latex/tcolorbox/tcblistingsutf8.code.tex
Library (tcolorbox): 'tcblistingsutf8.code.tex' version '5.0.2'
(/usr/share/texlive/texmf-dist/tex/latex/tcolorbox/tcblistings.code.tex
Library (tcolorbox): 'tcblistings.code.tex' version '5.0.2'
(/usr/share/texlive/texmf-dist/tex/latex/tcolorbox/tcblistingscore.code.tex
Library (tcolorbox): 'tcblistingscore.code.tex' version '5.0.2'
(/usr/share/texlive/texmf-dist/tex/latex/tcolorbox/tcbprocessing.code.tex
Library (tcolorbox): 'tcbprocessing.code.tex' version '5.0.2'
(/usr/share/texlive/texmf-dist/tex/latex/tools/shellesc.sty))))
(/usr/share/texlive/texmf-dist/tex/latex/listingsutf8/listingsutf8.sty
(/usr/share/texlive/texmf-dist/tex/generic/stringenc/stringenc.sty)))
(/usr/share/texlive/texmf-dist/tex/latex/tcolorbox/tcbexternal.code.tex
Library (tcolorbox): 'tcbexternal.code.tex' version '5.0.2'
) (/usr/share/texlive/texmf-dist/tex/latex/tcolorbox/tcbmagazine.code.tex
Library (tcolorbox): 'tcbmagazine.code.tex' version '5.0.2'
) (/usr/share/texlive/texmf-dist/tex/latex/tcolorbox/tcbvignette.code.tex
Library (tcolorbox): 'tcbvignette.code.tex' version '5.0.2'

(/usr/share/texlive/texmf-dist/tex/generic/pgf/frontendlayer/tikz/libraries/tik
zlibraryfadings.code.tex
(/usr/share/texlive/texmf-dist/tex/generic/pgf/libraries/pgflibraryfadings.code
.tex))) (/usr/share/texlive/texmf-dist/tex/latex/tcolorbox/tcbposter.code.tex
Library (tcolorbox): 'tcbposter.code.tex' version '5.0.2'
))) (/usr/share/texlive/texmf-dist/tex/latex/base/fontenc.sty
(/usr/share/texmf/tex/latex/lm/t1lmr.fd))
(/usr/share/texlive/texmf-dist/tex/latex/units/nicefrac.sty)
(/usr/share/texlive/texmf-dist/tex/latex/microtype/microtype.sty
(/usr/share/texlive/texmf-dist/tex/latex/microtype/microtype-pdftex.def)
(/usr/share/texlive/texmf-dist/tex/latex/microtype/microtype.cfg))
No file main.aux.
*geometry* driver: auto-detecting
*geometry* detected driver: pdftex
*geometry* verbose mode - [ preamble ] result:
* driver: pdftex
* paper: letterpaper
* layout: <same size as paper>
* layoutoffset:(h,v)=(0.0pt,0.0pt)
* modes: 
* h-part:(L,W,R)=(92.14519pt, 430.00462pt, 92.14519pt)
* v-part:(T,H,B)=(95.39737pt, 556.47656pt, 143.09605pt)
* \paperwidth=614.295pt
* \paperheight=794.96999pt
* \textwidth=430.00462pt
* \textheight=556.47656pt
* \oddsidemargin=19.8752pt
* \evensidemargin=19.8752pt
* \topmargin=-13.87262pt
* \headheight=12.0pt
* \headsep=25.0pt
* \topskip=10.0pt
* \footskip=30.0pt
* \marginparwidth=65.0pt
* \marginparsep=11.0pt
* \columnsep=10.0pt
* \skip\footins=9.0pt plus 4.0pt minus 2.0pt
* \hoffset=0.0pt
* \voffset=0.0pt
* \mag=1000
* \@twocolumnfalse
* \@twosidefalse
* \@mparswitchfalse
* \@reversemarginfalse
* (1in=72.27pt=25.4mm, 1cm=28.453pt)

*geometry* verbose mode - [ newgeometry ] result:
* driver: pdftex
* paper: letterpaper
* layout: <same size as paper>
* layoutoffset:(h,v)=(0.0pt,0.0pt)
* modes: 
* h-part:(L,W,R)=(108.405pt, 397.48499pt, 108.40501pt)
* v-part:(T,H,B)=(72.26999pt, 650.43pt, 72.27pt)
* \paperwidth=614.295pt
* \paperheight=794.96999pt
* \textwidth=397.48499pt
* \textheight=650.43pt
* \oddsidemargin=36.13501pt
* \evensidemargin=36.13501pt
* \topmargin=-37.0pt
* \headheight=12.0pt
* \headsep=25.0pt
* \topskip=10.0pt
* \footskip=30.0pt
* \marginparwidth=65.0pt
* \marginparsep=11.0pt
* \columnsep=10.0pt
* \skip\footins=9.0pt plus 4.0pt minus 2.0pt
* \hoffset=0.0pt
* \voffset=0.0pt
* \mag=1000
* \@twocolumnfalse
* \@twosidefalse
* \@mparswitchfalse
* \@reversemarginfalse
* (1in=72.27pt=25.4mm, 1cm=28.453pt)

(/usr/share/texlive/texmf-dist/tex/context/base/mkii/supp-pdf.mkii
[Loading MPS to PDF converter (version 2006.09.02).]
) (/usr/share/texlive/texmf-dist/tex/latex/hyperref/nameref.sty
(/usr/share/texlive/texmf-dist/tex/latex/refcount/refcount.sty)
(/usr/share/texlive/texmf-dist/tex/generic/gettitlestring/gettitlestring.sty))
(/usr/share/texlive/texmf-dist/tex/latex/microtype/mt-cmr.cfg)
(/usr/share/texmf/tex/latex/lm/ot1lmr.fd)
(/usr/share/texmf/tex/latex/lm/omllmm.fd)
(/usr/share/texmf/tex/latex/lm/omslmsy.fd)
(/usr/share/texmf/tex/latex/lm/omxlmex.fd)
(/usr/share/texlive/texmf-dist/tex/latex/amsfonts/umsa.fd)
(/usr/share/texlive/texmf-dist/tex/latex/microtype/mt-msa.cfg)
(/usr/share/texlive/texmf-dist/tex/latex/amsfonts/umsb.fd)
(/usr/share/texlive/texmf-dist/tex/latex/microtype/mt-msb.cfg)
(/usr/share/texlive/texmf-dist/tex/latex/jknapltx/ursfs.fd)
(/usr/share/texmf/tex/latex/lm/ts1lmr.fd)
(/usr/share/texmf/tex/latex/lm/t1lmtt.fd)
(/usr/share/texmf/tex/latex/lm/t1lmss.fd) (./sections/introduction.tex

Package natbib Warning: Citation `evensen_data_2022' on page 1 undefined on inp
ut line 1.

[1{/var/lib/texmf/fonts/map/pdftex/updmap/pdftex.map}]

Package natbib Warning: Citation `mucke_deep_2024' on page 2 undefined on input
 line 5.


Package natbib Warning: Citation `cheng_generalised_2022' on page 2 undefined o
n input line 5.


Package natbib Warning: Citation `zhong_reduced-order_2023' on page 2 undefined
 on input line 5.


Package natbib Warning: Citation `chen_reduced-order_2023' on page 2 undefined 
on input line 5.


Package natbib Warning: Citation `albergo_stochastic_2023' on page 2 undefined 
on input line 7.


Package natbib Warning: Citation `albergo_building_2023' on page 2 undefined on
 input line 7.


Package natbib Warning: Citation `chen_probabilistic_2024' on page 2 undefined 
on input line 7.


Package natbib Warning: Citation `lipman_flow_2023' on page 2 undefined on inpu
t line 7.


Package natbib Warning: Citation `albergo_stochastic_2023' on page 2 undefined 
on input line 10.


Package natbib Warning: Citation `lipman_flow_2023' on page 2 undefined on inpu
t line 10.


Package natbib Warning: Citation `albergo_stochastic_2023' on page 2 undefined 
on input line 10.


Package natbib Warning: Citation `ma_sit_2024' on page 2 undefined on input lin
e 10.


Package natbib Warning: Citation `song_score-based_2021' on page 2 undefined on
 input line 10.


Package natbib Warning: Citation `yan_fig_2024' on page 2 undefined on input li
ne 10.


Package natbib Warning: Citation `pokle_training-free_2024' on page 2 undefined
 on input line 10.

[2]

LaTeX Warning: Reference `tab:samplers' on page 3 undefined on input line 18.


LaTeX Warning: Reference `tab:si_vs_fm' on page 3 undefined on input line 18.

) (./sections/related_work.tex

Package natbib Warning: Citation `lippe_pde-refiner_2023' on page 3 undefined o
n input line 42.


Package natbib Warning: Citation `gao_generative_2024' on page 3 undefined on i
nput line 42.


Package natbib Warning: Citation `kohl_benchmarking_2024' on page 3 undefined o
n input line 42.


Package natbib Warning: Citation `fotiadis_stochastic_2024' on page 3 undefined
 on input line 42.


Package natbib Warning: Citation `chen_probabilistic_2024' on page 3 undefined 
on input line 42.


Package natbib Warning: Citation `mucke_physics-aware_2025' on page 3 undefined
 on input line 42.


Package natbib Warning: Citation `daras_survey_2024' on page 3 undefined on inp
ut line 45.


Package natbib Warning: Citation `pokle_training-free_2024' on page 3 undefined
 on input line 45.


Package natbib Warning: Citation `zhang_flow_2025' on page 3 undefined on input
 line 45.


Package natbib Warning: Citation `yan_fig_2024' on page 3 undefined on input li
ne 45.


Package natbib Warning: Citation `ahamed_dawn-si_2024' on page 3 undefined on i
nput line 45.


Package natbib Warning: Citation `negrel_multitask_2025' on page 3 undefined on
 input line 45.


Package natbib Warning: Citation `rozet_score-based_2023' on page 3 undefined o
n input line 49.


Package natbib Warning: Citation `bao_ensemble_2024' on page 3 undefined on inp
ut line 49.


Package natbib Warning: Citation `si_latent-ensf_2024' on page 3 undefined on i
nput line 49.


Package natbib Warning: Citation `qu_deep_2024' on page 3 undefined on input li
ne 49.


Package natbib Warning: Citation `chen_flowdas_2025' on page 3 undefined on inp
ut line 49.


Package natbib Warning: Citation `song_score-based_2021' on page 3 undefined on
 input line 52.


Package natbib Warning: Citation `song_score-based_2021' on page 3 undefined on
 input line 52.


Package natbib Warning: Citation `pokle_training-free_2024' on page 3 undefined
 on input line 52.


Package natbib Warning: Citation `yan_fig_2024' on page 3 undefined on input li
ne 52.


LaTeX Warning: Reference `eq:interpolated_observation' on page 3 undefined on i
nput line 52.


Package natbib Warning: Citation `zhang_flow_2025' on page 3 undefined on input
 line 52.


Package natbib Warning: Citation `martin_pnp-flow_2025' on page 3 undefined on 
input line 52.


Package natbib Warning: Citation `albergo_stochastic_2023' on page 3 undefined 
on input line 52.


Package natbib Warning: Citation `ma_sit_2024' on page 3 undefined on input lin
e 52.

[3]

Package natbib Warning: Citation `pokle_training-free_2024' on page 4 undefined
 on input line 55.


Package natbib Warning: Citation `zhang_flow_2025' on page 4 undefined on input
 line 55.


Package natbib Warning: Citation `yan_fig_2024' on page 4 undefined on input li
ne 55.


Package natbib Warning: Citation `albergo_stochastic_2023' on page 4 undefined 
on input line 55.


Package natbib Warning: Citation `lipman_flow_2023' on page 4 undefined on inpu
t line 55.


Package natbib Warning: Citation `albergo_stochastic_2023' on page 4 undefined 
on input line 55.


Package natbib Warning: Citation `ma_sit_2024' on page 4 undefined on input lin
e 55.


Package natbib Warning: Citation `song_score-based_2021' on page 4 undefined on
 input line 55.


Package natbib Warning: Citation `chen_flowdas_2025' on page 4 undefined on inp
ut line 55.

) (./sections/preliminaries.tex

Package natbib Warning: Citation `carrassi_data_2018' on page 4 undefined on in
put line 4.


Package natbib Warning: Citation `evensen_data_2022' on page 4 undefined on inp
ut line 4.


LaTeX Warning: Reference `eq:forward' on page 4 undefined on input line 13.


LaTeX Warning: Reference `eq:data_assimilation_problem' on page 4 undefined on 
input line 15.


Package natbib Warning: Citation `carrassi_data_2018' on page 4 undefined on in
put line 15.


Package natbib Warning: Citation `evensen_data_2022' on page 4 undefined on inp
ut line 15.

[4]

Package natbib Warning: Citation `rozet_score-based_2023' on page 5 undefined o
n input line 23.


Package natbib Warning: Citation `chen_flowdas_2025' on page 5 undefined on inp
ut line 23.


LaTeX Warning: Reference `eq:posterior_distribution' on page 5 undefined on inp
ut line 23.


LaTeX Warning: Reference `eq:posterior_distribution' on page 5 undefined on inp
ut line 28.


LaTeX Warning: Reference `eq:general_interpolant' on page 5 undefined on input 
line 36.


Package natbib Warning: Citation `lipman_flow_2023' on page 5 undefined on inpu
t line 43.


Package natbib Warning: Citation `albergo_stochastic_2023' on page 5 undefined 
on input line 43.


LaTeX Warning: Reference `appendix:score_velocity' on page 5 undefined on input
 line 61.


LaTeX Warning: Reference `sec:methodology' on page 5 undefined on input line 61
.

[5]

Package natbib Warning: Citation `song_score-based_2021' on page 6 undefined on
 input line 64.


Package natbib Warning: Citation `ma_sit_2024' on page 6 undefined on input lin
e 64.


LaTeX Warning: Reference `appendix:score_velocity' on page 6 undefined on input
 line 70.


LaTeX Warning: Reference `sec:methodology' on page 6 undefined on input line 70
.


Package natbib Warning: Citation `albergo_stochastic_2023' on page 6 undefined 
on input line 73.


Package natbib Warning: Citation `chen_probabilistic_2024' on page 6 undefined 
on input line 73.


LaTeX Warning: Reference `eq:general_sde_family' on page 6 undefined on input l
ine 89.


Package natbib Warning: Citation `chen_probabilistic_2024' on page 6 undefined 
on input line 89.


Package natbib Warning: Citation `lipman_flow_2023' on page 6 undefined on inpu
t line 96.


Package natbib Warning: Citation `liu_rectified_2022' on page 6 undefined on in
put line 96.


Package natbib Warning: Citation `lipman_flow_2023' on page 6 undefined on inpu
t line 108.


LaTeX Warning: Reference `eq:general_score_velocity' on page 6 undefined on inp
ut line 108.

[6]

LaTeX Warning: Reference `eq:general_sde_family' on page 7 undefined on input l
ine 114.


LaTeX Warning: Reference `sec:methodology' on page 7 undefined on input line 11
4.

) (./sections/methodology.tex

LaTeX Warning: Reference `subsec:flow_models' on page 7 undefined on input line
 1.


LaTeX Warning: Reference `eq:posterior_distribution' on page 7 undefined on inp
ut line 1.


LaTeX Warning: Reference `appendix:proof_conditioning' on page 7 undefined on i
nput line 16.


LaTeX Warning: Reference `appendix:proof_multiplicative' on page 7 undefined on
 input line 16.


LaTeX Warning: Reference `eq:general_interpolant' on page 7 undefined on input 
line 19.


LaTeX Warning: Reference `eq:vscoef_def' on page 7 undefined on input line 33.


LaTeX Warning: Reference `eq:conditional_score' on page 7 undefined on input li
ne 36.


Package natbib Warning: Citation `song_score-based_2021' on page 7 undefined on
 input line 36.


LaTeX Warning: Reference `eq:conditional_velocity' on page 7 undefined on input
 line 36.


LaTeX Warning: Reference `eq:general_velocity_of_score' on page 7 undefined on 
input line 36.


LaTeX Warning: Reference `eq:general_velocity_of_score' on page 7 undefined on 
input line 36.


LaTeX Warning: Reference `eq:conditional_score' on page 7 undefined on input li
ne 36.


LaTeX Warning: Reference `eq:conditional_velocity' on page 7 undefined on input
 line 36.

[7]

LaTeX Warning: Reference `prop:marginal_preservation' on page 8 undefined on in
put line 41.


LaTeX Warning: Reference `eq:likelihood_tilt' on page 8 undefined on input line
 44.


LaTeX Warning: Reference `eq:conditional_score' on page 8 undefined on input li
ne 54.


LaTeX Warning: Reference `eq:conditional_velocity' on page 8 undefined on input
 line 54.


LaTeX Warning: Reference `eq:unified_posterior_sde' on page 8 undefined on inpu
t line 54.


LaTeX Warning: Reference `theorem:posterior_sde' on page 8 undefined on input l
ine 68.


LaTeX Warning: Reference `appendix:proof_posterior' on page 8 undefined on inpu
t line 68.


LaTeX Warning: Reference `eq:unified_posterior_drift' on page 8 undefined on in
put line 68.


LaTeX Warning: Reference `subsec:obs_interpolation' on page 8 undefined on inpu
t line 68.


LaTeX Warning: Reference `appendix:proof_posterior' on page 8 undefined on inpu
t line 68.


LaTeX Warning: Reference `eq:unified_posterior_drift' on page 8 undefined on in
put line 68.


LaTeX Warning: Reference `eq:unified_posterior_drift' on page 8 undefined on in
put line 74.


LaTeX Warning: Reference `eq:SI_SDE' on page 8 undefined on input line 77.


LaTeX Warning: Reference `eq:unified_posterior_drift' on page 8 undefined on in
put line 77.


LaTeX Warning: Reference `theorem:unified_posterior' on page 8 undefined on inp
ut line 86.

[8]

LaTeX Warning: Reference `eq:fm_ode' on page 9 undefined on input line 89.


LaTeX Warning: Reference `eq:fm_score' on page 9 undefined on input line 89.


LaTeX Warning: Reference `eq:unified_posterior_drift' on page 9 undefined on in
put line 99.


LaTeX Warning: Reference `eq:posterior_marginal' on page 9 undefined on input l
ine 106.


LaTeX Warning: Reference `eq:conditional_velocity' on page 9 undefined on input
 line 106.


Package natbib Warning: Citation `yan_fig_2024' on page 9 undefined on input li
ne 106.


Package natbib Warning: Citation `pokle_training-free_2024' on page 9 undefined
 on input line 106.


LaTeX Warning: Reference `tab:samplers' on page 9 undefined on input line 108.


LaTeX Warning: Reference `subsec:obs_interpolation' on page 9 undefined on inpu
t line 108.


LaTeX Warning: Reference `sec:multiplicative_correction' on page 9 undefined on
 input line 108.


Overfull \hbox (1.43939pt too wide) in paragraph at lines 108--109
[]\T1/lmr/m/n/10 (-20) Table [] summarises the three samplers. They use identic
al observation-handling (Sections []--

LaTeX Warning: Reference `eq:posterior_sde_si' on page 9 undefined on input lin
e 113.


LaTeX Warning: Reference `eq:posterior_ode_fm' on page 9 undefined on input lin
e 113.


LaTeX Warning: Reference `eq:unified_posterior_drift' on page 9 undefined on in
put line 136.

[9]

LaTeX Warning: Reference `appendix:proof_interpolant_likelihood' on page 10 und
efined on input line 158.


Overfull \hbox (1.29816pt too wide) detected at line 168
[]

LaTeX Warning: Reference `eq:SI_score' on page 10 undefined on input line 169.


LaTeX Warning: Reference `eq:fm_score' on page 10 undefined on input line 176.


LaTeX Warning: Reference `appendix:proof_interpolant_likelihood' on page 10 und
efined on input line 179.


LaTeX Warning: Reference `eq:interpolant_posterior_drift' on page 10 undefined 
on input line 179.


LaTeX Warning: Reference `eq:true_likelihood_gaussian' on page 10 undefined on 
input line 196.


Package natbib Warning: Citation `chung_improving_2024' on page 10 undefined on
 input line 196.


Package natbib Warning: Citation `song_score-based_2021' on page 10 undefined o
n input line 196.


LaTeX Warning: Reference `eq:interpolant_likelihood_gaussian' on page 10 undefi
ned on input line 199.


LaTeX Warning: Reference `eq:true_likelihood_gaussian' on page 10 undefined on 
input line 199.


LaTeX Warning: Reference `lem:source_moments' on page 10 undefined on input lin
e 208.

[10]

LaTeX Warning: Reference `appendix:proof_multiplicative' on page 11 undefined o
n input line 211.


LaTeX Warning: Reference `eq:multiplicative_correction' on page 11 undefined on
 input line 211.


LaTeX Warning: Reference `eq:interpolant_posterior_drift' on page 11 undefined 
on input line 211.


LaTeX Warning: Reference `eq:interpolant_likelihood_gaussian' on page 11 undefi
ned on input line 211.


LaTeX Warning: Reference `eq:true_likelihood_gaussian' on page 11 undefined on 
input line 211.


LaTeX Warning: Reference `tab:samplers' on page 11 undefined on input line 236.



LaTeX Warning: Reference `tab:si_vs_fm' on page 11 undefined on input line 236.



LaTeX Warning: Reference `tab:samplers' on page 11 undefined on input line 236.



LaTeX Warning: Reference `eq:unified_posterior_drift' on page 11 undefined on i
nput line 236.


LaTeX Warning: Reference `tab:si_vs_fm' on page 11 undefined on input line 236.



LaTeX Warning: Reference `eq:unified_posterior_drift' on page 11 undefined on i
nput line 240.


LaTeX Warning: Reference `eq:unified_posterior_drift' on page 11 undefined on i
nput line 240.


LaTeX Warning: Reference `eq:fm_score' on page 11 undefined on input line 252.


LaTeX Warning: Reference `eq:SI_score' on page 11 undefined on input line 252.


LaTeX Warning: Reference `eq:fm_score' on page 11 undefined on input line 252.


Overfull \hbox (4.28244pt too wide) in paragraph at lines 243--256
 [][] 

LaTeX Warning: Reference `eq:SI_score' on page 11 undefined on input line 280.


LaTeX Warning: Reference `eq:fm_score' on page 11 undefined on input line 281.


LaTeX Warning: Reference `lem:source_moments' on page 11 undefined on input lin
e 298.


LaTeX Warning: Reference `eq:fm_source_moments' on page 11 undefined on input l
ine 299.


Overfull \hbox (6.18982pt too wide) in paragraph at lines 263--305
 [][] 
) (./sections/implementation.tex

LaTeX Warning: Reference `subsec:supplying_diffusion' on page 11 undefined on i
nput line 1.


LaTeX Warning: Reference `alg:unified' on page 11 undefined on input line 1.


LaTeX Warning: Reference `alg:si_sde' on page 11 undefined on input line 1.


LaTeX Warning: Reference `alg:fm_ode' on page 11 undefined on input line 1.

[11]

LaTeX Warning: Reference `alg:si_sde' on page 12 undefined on input line 8.


LaTeX Warning: Reference `alg:fm_sde' on page 12 undefined on input line 8.


LaTeX Warning: Reference `alg:fm_ode' on page 12 undefined on input line 8.


LaTeX Warning: Reference `eq:SI_score' on page 12 undefined on input line 11.


LaTeX Warning: Reference `eq:fm_score' on page 12 undefined on input line 11.


LaTeX Warning: Reference `lem:source_moments' on page 12 undefined on input lin
e 14.


LaTeX Warning: Reference `eq:multiplicative_correction' on page 12 undefined on
 input line 15.


LaTeX Warning: Reference `lem:source_moments' on page 12 undefined on input lin
e 31.


LaTeX Warning: Reference `alg:unified' on page 12 undefined on input line 32.


LaTeX Warning: Reference `eq:fm_score' on page 12 undefined on input line 43.


LaTeX Warning: Reference `lem:source_moments' on page 12 undefined on input lin
e 44.


LaTeX Warning: Reference `alg:unified' on page 12 undefined on input line 45.


LaTeX Warning: Reference `lem:source_moments' on page 12 undefined on input lin
e 57.


LaTeX Warning: Reference `alg:unified' on page 12 undefined on input line 58.


LaTeX Warning: Reference `cor:cheap_drift' on page 12 undefined on input line 6
2.


LaTeX Warning: Reference `theorem:unified_posterior' on page 12 undefined on in
put line 62.


LaTeX Warning: Reference `subsec:supplying_diffusion' on page 12 undefined on i
nput line 62.

) [12] (./sections/results.tex

LaTeX Warning: Reference `subsec:supplying_diffusion' on page 13 undefined on i
nput line 2.


LaTeX Warning: Reference `appendix:simple_test_case' on page 13 undefined on in
put line 13.


Package natbib Warning: Citation `chen_probabilistic_2024' on page 13 undefined
 on input line 15.

[13] [14 <./figures/results/analytical/SI_posterior_pdf_kl_divergence_convergen
ce.png> <./figures/results/analytical/posterior_comparison_slice.png> <./figure
s/results/analytical/x1_pdf.png> <./figures/results/analytical/likelihood_pdf.p
ng> <./figures/results/analytical/posterior_pdf.png> <./figures/results/analyti
cal/SI_posterior_pdf.png>]

Package natbib Warning: Citation `chen_flowdas_2025' on page 15 undefined on in
put line 113.


Package natbib Warning: Citation `yan_fig_2024' on page 15 undefined on input l
ine 114.


Package natbib Warning: Citation `chung_improving_2024' on page 15 undefined on
 input line 115.


Package natbib Warning: Citation `chen_flowdas_2025' on page 15 undefined on in
put line 163.


Package natbib Warning: Citation `yan_fig_2024' on page 15 undefined on input l
ine 164.


Package natbib Warning: Citation `chung_improving_2024' on page 15 undefined on
 input line 165.

) (./sections/conclusion.tex

LaTeX Warning: Reference `sec:multiplicative_correction' on page 15 undefined o
n input line 4.


LaTeX Warning: Reference `sec:preliminaries' on page 15 undefined on input line
 4.


LaTeX Warning: Reference `theorem:unified_posterior' on page 15 undefined on in
put line 4.

) [15] (./main.bbl [16]
Underfull \hbox (badness 10000) in paragraph at lines 221--229
\T1/lmr/m/n/10 (+20) Math-e-mat-i-cal Statis-tics Text-books. Cam-bridge Uni-ve
r-sity Press, Cam-bridge,

Underfull \hbox (badness 3746) in paragraph at lines 221--229
\T1/lmr/m/n/10 (+20) 2019.  ISBN 9781316510087.  doi: $10 . 1017 / 978110818673
5$.  URL []$\T1/lmtt/m/n/10 https :

Underfull \hbox (badness 10000) in paragraph at lines 221--229
\T1/lmtt/m/n/10 / / www . cambridge . org / core / books / applied-[]stochastic
-[]differential-[]equations /
[17]) (./sections/appendix_score_velocity_duality.tex

LaTeX Warning: Reference `prop:score_velocity' on page 18 undefined on input li
ne 4.


LaTeX Warning: Reference `prop:marginal_preservation' on page 18 undefined on i
nput line 4.


Package natbib Warning: Citation `albergo_stochastic_2023' on page 18 undefined
 on input line 4.


Package natbib Warning: Citation `song_score-based_2021' on page 18 undefined o
n input line 4.


Package natbib Warning: Citation `ma_sit_2024' on page 18 undefined on input li
ne 4.


LaTeX Warning: Reference `subsec:flow_models' on page 18 undefined on input lin
e 4.


LaTeX Warning: Reference `eq:general_interpolant' on page 18 undefined on input
 line 6.


LaTeX Warning: Reference `eq:tweedie_mean' on page 18 undefined on input line 2
2.


LaTeX Warning: Reference `eq:tweedie_mean' on page 18 undefined on input line 2
2.


LaTeX Warning: Reference `eq:tweedie_eps' on page 18 undefined on input line 22
.


LaTeX Warning: Reference `eq:tweedie_x1' on page 18 undefined on input line 22.



LaTeX Warning: Reference `eq:general_velocity' on page 18 undefined on input li
ne 26.


LaTeX Warning: Reference `eq:app_path' on page 18 undefined on input line 26.


LaTeX Warning: Reference `eq:vscoef_def' on page 18 undefined on input line 33.



LaTeX Warning: Reference `eq:fm_score' on page 18 undefined on input line 39.


LaTeX Warning: Reference `eq:SI_score' on page 18 undefined on input line 39.


LaTeX Warning: Reference `eq:tweedie_x1' on page 18 undefined on input line 42.



LaTeX Warning: Reference `eq:tweedie_eps' on page 18 undefined on input line 42
.


LaTeX Warning: Reference `eq:app_velocity_of_score' on page 18 undefined on inp
ut line 52.


LaTeX Warning: Reference `eq:app_score_of_velocity' on page 18 undefined on inp
ut line 52.


LaTeX Warning: Reference `eq:SI_score' on page 18 undefined on input line 52.


Package natbib Warning: Citation `chen_probabilistic_2024' on page 18 undefined
 on input line 52.

[18]

LaTeX Warning: Reference `eq:app_path' on page 19 undefined on input line 56.


Package natbib Warning: Citation `lipman_flow_2023' on page 19 undefined on inp
ut line 68.


Package natbib Warning: Citation `albergo_stochastic_2023' on page 19 undefined
 on input line 68.


LaTeX Warning: Reference `eq:app_sde' on page 19 undefined on input line 68.


LaTeX Warning: Reference `eq:app_continuity' on page 19 undefined on input line
 82.


LaTeX Warning: Reference `eq:app_sde' on page 19 undefined on input line 82.


LaTeX Warning: Reference `prop:score_velocity' on page 19 undefined on input li
ne 86.


LaTeX Warning: Reference `prop:marginal_preservation' on page 19 undefined on i
nput line 86.


LaTeX Warning: Reference `theorem:unified_posterior' on page 19 undefined on in
put line 86.


LaTeX Warning: Reference `theorem:posterior_sde' on page 19 undefined on input 
line 86.


LaTeX Warning: Reference `prop:score_velocity' on page 19 undefined on input li
ne 86.


LaTeX Warning: Reference `eq:app_sde' on page 19 undefined on input line 86.


LaTeX Warning: Reference `prop:conditional_path' on page 19 undefined on input 
line 86.

) (./sections/appendix_proof_conditioning.tex

LaTeX Warning: Reference `prop:conditional_path' on page 19 undefined on input 
line 4.


LaTeX Warning: Reference `theorem:unified_posterior' on page 19 undefined on in
put line 4.


LaTeX Warning: Reference `appendix:score_velocity' on page 19 undefined on inpu
t line 4.


LaTeX Warning: Reference `eq:general_velocity_of_score' on page 19 undefined on
 input line 4.


LaTeX Warning: Reference `prop:marginal_preservation' on page 19 undefined on i
nput line 4.


LaTeX Warning: Reference `prop:conditional_path' on page 19 undefined on input 
line 6.


LaTeX Warning: Reference `eq:general_interpolant' on page 19 undefined on input
 line 8.


LaTeX Warning: Reference `eq:conditional_score' on page 19 undefined on input l
ine 19.


LaTeX Warning: Reference `eq:general_velocity_of_score' on page 19 undefined on
 input line 23.


LaTeX Warning: Reference `eq:general_velocity_of_score' on page 19 undefined on
 input line 23.

[19]

LaTeX Warning: Reference `eq:conditional_score' on page 20 undefined on input l
ine 30.


LaTeX Warning: Reference `eq:conditional_velocity' on page 20 undefined on inpu
t line 30.


LaTeX Warning: Reference `theorem:unified_posterior' on page 20 undefined on in
put line 38.


LaTeX Warning: Reference `prop:conditional_path' on page 20 undefined on input 
line 40.


LaTeX Warning: Reference `prop:marginal_preservation' on page 20 undefined on i
nput line 40.


LaTeX Warning: Reference `eq:posterior_marginal' on page 20 undefined on input 
line 44.


LaTeX Warning: Reference `eq:conditional_score' on page 20 undefined on input l
ine 44.


LaTeX Warning: Reference `eq:conditional_velocity' on page 20 undefined on inpu
t line 44.


LaTeX Warning: Reference `eq:unified_posterior_drift' on page 20 undefined on i
nput line 44.

) (./sections/appendix_proof_posterior.tex

Package hyperref Warning: Token not allowed in a PDF string (Unicode):
(hyperref)                removing `math shift' on input line 1.


Package hyperref Warning: Token not allowed in a PDF string (Unicode):
(hyperref)                removing `math shift' on input line 1.


LaTeX Warning: Reference `subsec:posterior_dynamics' on page 20 undefined on in
put line 4.


LaTeX Warning: Reference `theorem:unified_posterior' on page 20 undefined on in
put line 4.


LaTeX Warning: Reference `rem:doob' on page 20 undefined on input line 4.


LaTeX Warning: Reference `eq:prior_sde' on page 20 undefined on input line 13.


LaTeX Warning: Reference `theorem:posterior_sde' on page 20 undefined on input 
line 45.


Package natbib Warning: Citation `zhang_sampling_nodate' on page 20 undefined o
n input line 45.


Package natbib Warning: Citation `sarkka_applied_2019' on page 20 undefined on 
input line 45.

[20]

LaTeX Warning: Reference `theorem:posterior_sde' on page 21 undefined on input 
line 74.


LaTeX Warning: Reference `theorem:posterior_sde' on page 21 undefined on input 
line 80.


LaTeX Warning: Reference `eq:controlled_SDE' on page 21 undefined on input line
 80.


LaTeX Warning: Reference `prop:marginal_preservation' on page 21 undefined on i
nput line 82.


LaTeX Warning: Reference `eq:uncontrolled_SDE' on page 21 undefined on input li
ne 82.


Overfull \hbox (29.83516pt too wide) detected at line 100
[]

LaTeX Warning: Reference `eq:terminal_marginal' on page 21 undefined on input l
ine 101.


Overfull \hbox (42.23987pt too wide) detected at line 108
[]

LaTeX Warning: Reference `subsec:supplying_diffusion' on page 21 undefined on i
nput line 111.

[21]

LaTeX Warning: Reference `theorem:posterior_sde' on page 22 undefined on input 
line 117.


LaTeX Warning: Reference `theorem:unified_posterior' on page 22 undefined on in
put line 117.


LaTeX Warning: Reference `theorem:posterior_sde' on page 22 undefined on input 
line 117.


LaTeX Warning: Reference `eq:prior_sde' on page 22 undefined on input line 117.



LaTeX Warning: Reference `theorem:unified_posterior' on page 22 undefined on in
put line 117.


LaTeX Warning: Reference `theorem:posterior_sde' on page 22 undefined on input 
line 119.


LaTeX Warning: Reference `theorem:unified_posterior' on page 22 undefined on in
put line 119.


LaTeX Warning: Reference `subsec:obs_interpolation' on page 22 undefined on inp
ut line 119.


LaTeX Warning: Reference `eq:unified_posterior_drift' on page 22 undefined on i
nput line 119.


LaTeX Warning: Reference `theorem:posterior_sde' on page 22 undefined on input 
line 119.

) (./sections/appendix_proof_interpolant_likelihood_covariance.tex

LaTeX Warning: Reference `lem:interpolated_likelihood' on page 22 undefined on 
input line 1.


LaTeX Warning: Reference `lem:source_moments' on page 22 undefined on input lin
e 1.


LaTeX Warning: Reference `lem:interpolated_likelihood' on page 22 undefined on 
input line 3.


LaTeX Warning: Reference `eq:pf_obs_interp' on page 22 undefined on input line 
10.


LaTeX Warning: Reference `eq:pf_state_interp' on page 22 undefined on input lin
e 15.


LaTeX Warning: Reference `eq:ybar_decomp' on page 22 undefined on input line 21
.


LaTeX Warning: Reference `eq:pf_ybar_decomp' on page 22 undefined on input line
 27.


LaTeX Warning: Reference `eq:bias' on page 22 undefined on input line 34.


LaTeX Warning: Reference `eq:cov_correction' on page 22 undefined on input line
 41.


LaTeX Warning: Reference `lem:source_moments' on page 22 undefined on input lin
e 46.


Package natbib Warning: Citation `albergo_stochastic_2023' on page 22 undefined
 on input line 47.


Package natbib Warning: Citation `chen_probabilistic_2024' on page 22 undefined
 on input line 47.


LaTeX Warning: Reference `eq:SI_score' on page 22 undefined on input line 53.


LaTeX Warning: Reference `eq:SI_score' on page 22 undefined on input line 57.


LaTeX Warning: Reference `eq:cov_W_from_hessian' on page 22 undefined on input 
line 57.

[22]

LaTeX Warning: Reference `lem:source_moments' on page 23 undefined on input lin
e 60.


LaTeX Warning: Reference `lem:tweedie' on page 23 undefined on input line 61.


LaTeX Warning: Reference `eq:fm_score' on page 23 undefined on input line 61.


LaTeX Warning: Reference `lem:tweedie' on page 23 undefined on input line 65.


LaTeX Warning: Reference `eq:interpolated_observation' on page 23 undefined on 
input line 70.


LaTeX Warning: Reference `eq:interpolant_posterior_drift' on page 23 undefined 
on input line 70.

) (./sections/appendix_correction_factor_new.tex

LaTeX Warning: Reference `thm:multiplicative_correction' on page 23 undefined o
n input line 4.


LaTeX Warning: Reference `lem:source_moments' on page 23 undefined on input lin
e 4.


LaTeX Warning: Reference `sec:multiplicative_correction' on page 23 undefined o
n input line 4.


LaTeX Warning: Reference `lem:tweedie' on page 23 undefined on input line 8.


LaTeX Warning: Reference `eq:cond_mean_x1' on page 23 undefined on input line 2
1.


LaTeX Warning: Reference `lem:interpolated_likelihood' on page 23 undefined on 
input line 25.


LaTeX Warning: Reference `eq:cond_mean_x1' on page 23 undefined on input line 2
5.


LaTeX Warning: Reference `lem:interpolated_likelihood' on page 23 undefined on 
input line 38.


LaTeX Warning: Reference `eq:interpolated_observation' on page 23 undefined on 
input line 38.


LaTeX Warning: Reference `eq:cond_mean_x1' on page 23 undefined on input line 3
8.


LaTeX Warning: Reference `eq:residual_identity' on page 23 undefined on input l
ine 38.


LaTeX Warning: Reference `eq:residual_identity' on page 23 undefined on input l
ine 38.


LaTeX Warning: Reference `eq:grad_mu' on page 23 undefined on input line 38.


LaTeX Warning: Reference `eq:cond_mean_x1' on page 23 undefined on input line 3
8.

[23]

LaTeX Warning: Reference `eq:source_identity' on page 24 undefined on input lin
e 44.


LaTeX Warning: Reference `thm:multiplicative_correction' on page 24 undefined o
n input line 47.


LaTeX Warning: Reference `eq:interpolant_likelihood_gaussian' on page 24 undefi
ned on input line 48.


LaTeX Warning: Reference `lem:residual_identity' on page 24 undefined on input 
line 48.


LaTeX Warning: Reference `eq:true_likelihood_gaussian' on page 24 undefined on 
input line 56.


LaTeX Warning: Reference `lem:interpolated_likelihood' on page 24 undefined on 
input line 63.


LaTeX Warning: Reference `eq:Htop_Sbar_inv' on page 24 undefined on input line 
79.


LaTeX Warning: Reference `eq:Sbar_explicit' on page 24 undefined on input line 
79.


LaTeX Warning: Reference `eq:S_explicit' on page 24 undefined on input line 85.



LaTeX Warning: Reference `eq:Sbar_compact' on page 24 undefined on input line 8
5.


LaTeX Warning: Reference `tab:si_vs_fm' on page 24 undefined on input line 94.

) (./sections/appendix_simple_test_case.tex

LaTeX Warning: Reference `eq:data_assimilation_problem' on page 24 undefined on
 input line 9.


Package natbib Warning: Citation `chen_probabilistic_2024' on page 24 undefined
 on input line 11.

)

Package natbib Warning: There were undefined citations.


AED: lastpage setting LastPage
[24] [25] (./main.aux

Package natbib Warning: Citation(s) may have changed.
(natbib)                Rerun to get citations correct.

)

LaTeX Warning: There were undefined references.


LaTeX Warning: Label(s) may have changed. Rerun to get cross-references right.


LaTeX Warning: Temporary extra page added at the end. Rerun to get it removed.


Package rerunfilecheck Warning: File `main.out' has changed.
(rerunfilecheck)                Rerun to get outlines right
(rerunfilecheck)                or use package `bookmark'.

 )
(see the transcript file for additional information){/usr/share/texmf/fonts/enc
/dvips/lm/lm-mathit.enc}{/usr/share/texmf/fonts/enc/dvips/lm/lm-ec.enc}{/usr/sh
are/texmf/fonts/enc/dvips/lm/lm-mathsy.enc}{/usr/share/texmf/fonts/enc/dvips/lm
/lm-rm.enc}{/usr/share/texmf/fonts/enc/dvips/lm/lm-mathex.enc}{/usr/share/texmf
/fonts/enc/dvips/lm/lm-ts1.enc}</usr/share/texmf/fonts/type1/public/lm/lmbx10.p
fb></usr/share/texmf/fonts/type1/public/lm/lmbx12.pfb></usr/share/texmf/fonts/t
ype1/public/lm/lmbx6.pfb></usr/share/texmf/fonts/type1/public/lm/lmbx9.pfb></us
r/share/texmf/fonts/type1/public/lm/lmex10.pfb></usr/share/texmf/fonts/type1/pu
blic/lm/lmmi10.pfb></usr/share/texmf/fonts/type1/public/lm/lmmi12.pfb></usr/sha
re/texmf/fonts/type1/public/lm/lmmi5.pfb></usr/share/texmf/fonts/type1/public/l
m/lmmi6.pfb></usr/share/texmf/fonts/type1/public/lm/lmmi7.pfb></usr/share/texmf
/fonts/type1/public/lm/lmmi9.pfb></usr/share/texmf/fonts/type1/public/lm/lmmib1
0.pfb></usr/share/texmf/fonts/type1/public/lm/lmmib5.pfb></usr/share/texmf/font
s/type1/public/lm/lmmib7.pfb></usr/share/texmf/fonts/type1/public/lm/lmr10.pfb>
</usr/share/texmf/fonts/type1/public/lm/lmr5.pfb></usr/share/texmf/fonts/type1/
public/lm/lmr6.pfb></usr/share/texmf/fonts/type1/public/lm/lmr7.pfb></usr/share
/texmf/fonts/type1/public/lm/lmr9.pfb></usr/share/texmf/fonts/type1/public/lm/l
mri10.pfb></usr/share/texmf/fonts/type1/public/lm/lmss8.pfb></usr/share/texmf/f
onts/type1/public/lm/lmsy10.pfb></usr/share/texmf/fonts/type1/public/lm/lmsy5.p
fb></usr/share/texmf/fonts/type1/public/lm/lmsy6.pfb></usr/share/texmf/fonts/ty
pe1/public/lm/lmsy7.pfb></usr/share/texmf/fonts/type1/public/lm/lmsy9.pfb></usr
/share/texmf/fonts/type1/public/lm/lmtt10.pfb></usr/share/texlive/texmf-dist/fo
nts/type1/public/amsfonts/symbols/msbm10.pfb>
Output written on main.pdf (25 pages, 736121 bytes).
Transcript written on main.log.
