\BOOKMARK [1][-]{section.1}{\376\377\000I\000n\000t\000r\000o\000d\000u\000c\000t\000i\000o\000n}{}% 1
\BOOKMARK [1][-]{section.2}{\376\377\000R\000e\000l\000a\000t\000e\000d\000\040\000w\000o\000r\000k}{}% 2
\BOOKMARK [2][-]{subsection.2.1}{\376\377\000F\000l\000o\000w\000-\000b\000a\000s\000e\000d\000\040\000g\000e\000n\000e\000r\000a\000t\000i\000v\000e\000\040\000m\000o\000d\000e\000l\000s\000\040\000i\000n\000\040\000p\000h\000y\000s\000i\000c\000s\000\040\000a\000p\000p\000l\000i\000c\000a\000t\000i\000o\000n\000s}{section.2}% 3
\BOOKMARK [2][-]{subsection.2.2}{\376\377\000P\000o\000s\000t\000e\000r\000i\000o\000r\000\040\000s\000a\000m\000p\000l\000i\000n\000g\000\040\000w\000i\000t\000h\000\040\000f\000l\000o\000w\000-\000b\000a\000s\000e\000d\000\040\000g\000e\000n\000e\000r\000a\000t\000i\000v\000e\000\040\000m\000o\000d\000e\000l\000s}{section.2}% 4
\BOOKMARK [2][-]{subsection.2.3}{\376\377\000D\000a\000t\000a\000\040\000a\000s\000s\000i\000m\000i\000l\000a\000t\000i\000o\000n\000\040\000w\000i\000t\000h\000\040\000g\000e\000n\000e\000r\000a\000t\000i\000v\000e\000\040\000m\000o\000d\000e\000l\000s}{section.2}% 5
\BOOKMARK [2][-]{subsection.2.4}{\376\377\000F\000r\000o\000m\000\040\000m\000o\000d\000e\000l\000-\000s\000p\000e\000c\000i\000f\000i\000c\000\040\000t\000o\000\040\000m\000o\000d\000e\000l\000-\000a\000g\000n\000o\000s\000t\000i\000c\000\040\000a\000s\000s\000i\000m\000i\000l\000a\000t\000i\000o\000n}{section.2}% 6
\BOOKMARK [1][-]{section.3}{\376\377\000P\000r\000e\000l\000i\000m\000i\000n\000a\000r\000i\000e\000s}{}% 7
\BOOKMARK [2][-]{subsection.3.1}{\376\377\000B\000a\000y\000e\000s\000i\000a\000n\000\040\000i\000n\000v\000e\000r\000s\000e\000\040\000p\000r\000o\000b\000l\000e\000m\000s\000\040\000a\000n\000d\000\040\000d\000a\000t\000a\000\040\000a\000s\000s\000i\000m\000i\000l\000a\000t\000i\000o\000n}{section.3}% 8
\BOOKMARK [2][-]{subsection.3.2}{\376\377\000F\000l\000o\000w\000-\000b\000a\000s\000e\000d\000\040\000g\000e\000n\000e\000r\000a\000t\000i\000v\000e\000\040\000m\000o\000d\000e\000l\000l\000i\000n\000g}{section.3}% 9
\BOOKMARK [3][-]{subsubsection.3.2.1}{\376\377\000S\000t\000o\000c\000h\000a\000s\000t\000i\000c\000\040\000i\000n\000t\000e\000r\000p\000o\000l\000a\000n\000t\000s}{subsection.3.2}% 10
\BOOKMARK [3][-]{subsubsection.3.2.2}{\376\377\000F\000l\000o\000w\000\040\000m\000a\000t\000c\000h\000i\000n\000g}{subsection.3.2}% 11
\BOOKMARK [1][-]{section.4}{\376\377\000M\000e\000t\000h\000o\000d\000o\000l\000o\000g\000y}{}% 12
\BOOKMARK [2][-]{subsection.4.1}{\376\377\000P\000o\000s\000t\000e\000r\000i\000o\000r\000\040\000s\000a\000m\000p\000l\000i\000n\000g\000:\000\040\000S\000D\000E\000\040\000a\000n\000d\000\040\000O\000D\000E}{section.4}% 13
\BOOKMARK [2][-]{subsection.4.2}{\376\377\000A\000p\000p\000r\000o\000x\000i\000m\000a\000t\000i\000n\000g\000\040\000t\000h\000e\000\040\000l\000i\000k\000e\000l\000i\000h\000o\000o\000d\000\040\000s\000c\000o\000r\000e}{section.4}% 14
\BOOKMARK [2][-]{subsection.4.3}{\376\377\000C\000o\000m\000p\000a\000r\000i\000s\000o\000n\000\040\000o\000f\000\040\000p\000o\000s\000t\000e\000r\000i\000o\000r\000\040\000s\000a\000m\000p\000l\000e\000r\000s}{section.4}% 15
\BOOKMARK [2][-]{subsection.4.4}{\376\377\000A\000p\000p\000r\000o\000x\000i\000m\000a\000t\000i\000o\000n\000s\000\040\000a\000n\000d\000\040\000s\000i\000m\000p\000l\000i\000f\000i\000c\000a\000t\000i\000o\000n\000s}{section.4}% 16
\BOOKMARK [2][-]{subsection.4.5}{\376\377\000S\000u\000m\000m\000a\000r\000y\000\040\000o\000f\000\040\000c\000h\000o\000i\000c\000e\000s}{section.4}% 17
\BOOKMARK [1][-]{section.5}{\376\377\000C\000o\000m\000p\000a\000r\000i\000s\000o\000n\000\040\000t\000o\000\040\000a\000l\000t\000e\000r\000n\000a\000t\000i\000v\000e\000\040\000m\000e\000t\000h\000o\000d\000s}{}% 18
\BOOKMARK [1][-]{section.6}{\376\377\000I\000m\000p\000l\000e\000m\000e\000n\000t\000a\000t\000i\000o\000n}{}% 19
\BOOKMARK [1][-]{section.7}{\376\377\000R\000e\000s\000u\000l\000t\000s}{}% 20
\BOOKMARK [2][-]{subsection.7.1}{\376\377\000S\000i\000m\000p\000l\000e\000\040\000a\000n\000a\000l\000y\000t\000i\000c\000a\000l\000\040\000t\000e\000s\000t\000\040\000c\000a\000s\000e}{section.7}% 21
\BOOKMARK [2][-]{subsection.7.2}{\376\377\000S\000t\000o\000c\000h\000a\000s\000t\000i\000c\000\040\000i\000n\000c\000o\000m\000p\000r\000e\000s\000s\000i\000b\000l\000e\000\040\000N\000a\000v\000i\000e\000r\040\023\000S\000t\000o\000k\000e\000s}{section.7}% 22
\BOOKMARK [1][-]{section.8}{\376\377\000C\000o\000n\000c\000l\000u\000s\000i\000o\000n}{}% 23
\BOOKMARK [1][-]{appendix.A}{\376\377\000M\000e\000t\000h\000o\000d\000\040\000d\000e\000s\000c\000r\000i\000p\000t\000i\000o\000n\000s}{}% 24
\BOOKMARK [2][-]{subsection.A.1}{\376\377\000O\000u\000r\000s\000\040\000\050\000S\000I\000-\000S\000D\000E\000\051}{appendix.A}% 25
\BOOKMARK [2][-]{subsection.A.2}{\376\377\000O\000u\000r\000s\000\040\000\050\000F\000M\000-\000O\000D\000E\000\051}{appendix.A}% 26
\BOOKMARK [2][-]{subsection.A.3}{\376\377\000O\000u\000r\000s\000\040\000\050\000F\000M\000-\000S\000D\000E\000\051}{appendix.A}% 27
\BOOKMARK [2][-]{subsection.A.4}{\376\377\000F\000l\000o\000w\000D\000A\000S}{appendix.A}% 28
\BOOKMARK [2][-]{subsection.A.5}{\376\377\000G\000u\000i\000d\000e\000d\000\040\000F\000M\000\040\040\023\000\040\000F\000I\000G}{appendix.A}% 29
\BOOKMARK [2][-]{subsection.A.6}{\376\377\000G\000u\000i\000d\000e\000d\000\040\000F\000M\000\040\040\023\000\040\000O\000T\000-\000O\000D\000E}{appendix.A}% 30
\BOOKMARK [2][-]{subsection.A.7}{\376\377\000D\000-\000F\000l\000o\000w\000\040\000S\000G\000L\000D}{appendix.A}% 31
\BOOKMARK [2][-]{subsection.A.8}{\376\377\000S\000D\000A}{appendix.A}% 32
\BOOKMARK [2][-]{subsection.A.9}{\376\377\000S\000U\000R\000G\000E}{appendix.A}% 33
\BOOKMARK [2][-]{subsection.A.10}{\376\377\000E\000n\000s\000e\000m\000b\000l\000e\000\040\000K\000a\000l\000m\000a\000n\000\040\000f\000i\000l\000t\000e\000r\000\040\000\050\000E\000n\000K\000F\000\051}{appendix.A}% 34
\BOOKMARK [2][-]{subsection.A.11}{\376\377\000L\000o\000c\000a\000l\000i\000s\000e\000d\000\040\000E\000T\000K\000F\000\040\000\050\000L\000E\000T\000K\000F\000\051}{appendix.A}% 35
\BOOKMARK [2][-]{subsection.A.12}{\376\377\000B\000o\000o\000t\000s\000t\000r\000a\000p\000\040\000p\000a\000r\000t\000i\000c\000l\000e\000\040\000f\000i\000l\000t\000e\000r}{appendix.A}% 36
\BOOKMARK [1][-]{appendix.B}{\376\377\000V\000e\000l\000o\000c\000i\000t\000y\040\023\000s\000c\000o\000r\000e\000\040\000d\000u\000a\000l\000i\000t\000y\000\040\000a\000n\000d\000\040\000t\000h\000e\000\040\000m\000a\000r\000g\000i\000n\000a\000l\000-\000p\000r\000e\000s\000e\000r\000v\000i\000n\000g\000\040\000S\000D\000E\000\040\000f\000a\000m\000i\000l\000y}{}% 37
\BOOKMARK [1][-]{appendix.C}{\376\377\000C\000o\000n\000d\000i\000t\000i\000o\000n\000i\000n\000g\000\040\000t\000h\000e\000\040\000a\000f\000f\000i\000n\000e\000\040\000G\000a\000u\000s\000s\000i\000a\000n\000\040\000p\000a\000t\000h\000:\000\040\000p\000r\000o\000o\000f\000s}{}% 38
\BOOKMARK [2][-]{subsection.C.1}{\376\377\000P\000r\000o\000o\000f\000\040\000o\000f\000\040\000P\000r\000o\000p\000o\000s\000i\000t\000i\000o\000n\000\040\0004\000.\0001}{appendix.C}% 39
\BOOKMARK [2][-]{subsection.C.2}{\376\377\000P\000r\000o\000o\000f\000\040\000o\000f\000\040\000T\000h\000e\000o\000r\000e\000m\000\040\0004\000.\0002}{appendix.C}% 40
\BOOKMARK [1][-]{appendix.D}{\376\377\000D\000o\000o\000b\000'\000s\000\040\000h\000-\000t\000r\000a\000n\000s\000f\000o\000r\000m\000:\000\040\000t\000h\000e\000\040\000p\000a\000t\000h\000-\000s\000p\000a\000c\000e\000\040\000p\000o\000s\000t\000e\000r\000i\000o\000r\000\040\000S\000D\000E}{}% 41
\BOOKMARK [2][-]{subsection.D.1}{\376\377\000P\000r\000o\000o\000f\000\040\000o\000f\000\040\000T\000h\000e\000o\000r\000e\000m\000\040\000D\000.\0001}{appendix.D}% 42
\BOOKMARK [2][-]{subsection.D.2}{\376\377\000P\000a\000t\000h\000\040\000c\000o\000n\000d\000i\000t\000i\000o\000n\000i\000n\000g\000\040\000v\000e\000r\000s\000u\000s\000\040\000m\000a\000r\000g\000i\000n\000a\000l\000\040\000c\000o\000n\000d\000i\000t\000i\000o\000n\000i\000n\000g}{appendix.D}% 43
\BOOKMARK [1][-]{appendix.E}{\376\377\000P\000r\000o\000o\000f\000\040\000o\000f\000\040\000L\000e\000m\000m\000a\000\040\0004\000.\0004\000\040\000a\000n\000d\000\040\000L\000e\000m\000m\000a\000\040\0004\000.\0005}{}% 44
\BOOKMARK [1][-]{appendix.F}{\376\377\000S\000i\000m\000p\000l\000e\000\040\000t\000e\000s\000t\000\040\000c\000a\000s\000e}{}% 45
\BOOKMARK [1][-]{appendix.G}{\376\377\000P\000e\000r\000-\000s\000a\000m\000p\000l\000e\000r\000\040\000a\000l\000g\000o\000r\000i\000t\000h\000m\000s}{}% 46
\BOOKMARK [1][-]{appendix.H}{\376\377\000M\000o\000d\000e\000l\000-\000s\000p\000e\000c\000i\000f\000i\000c\000\040\000b\000o\000o\000k\000k\000e\000e\000p\000i\000n\000g}{}% 47
\BOOKMARK [1][-]{appendix.I}{\376\377\000A\000d\000d\000i\000t\000i\000o\000n\000a\000l\000\040\000r\000e\000s\000u\000l\000t\000s}{}% 48
\BOOKMARK [2][-]{subsection.I.1}{\376\377\000U\000r\000b\000a\000n\000\040\000a\000i\000r\000f\000l\000o\000w}{appendix.I}% 49
\BOOKMARK [2][-]{subsection.I.2}{\376\377\000A\000b\000l\000a\000t\000i\000o\000n\000s}{appendix.I}% 50
